WePark_Launcher/app/build/outputs/logs/manifest-merger-debug-report.txt
-- Merging decision tree log ---
manifest
ADDED from src/main/AndroidManifest.xml:2:1-67:12
	package
		ADDED from src/main/AndroidManifest.xml:3:5-55
		INJECTED from src/main/AndroidManifest.xml
		INJECTED from src/main/AndroidManifest.xml
	android:versionName
		ADDED from src/main/AndroidManifest.xml:5:5-32
		INJECTED from src/main/AndroidManifest.xml
		INJECTED from src/main/AndroidManifest.xml
	android:versionCode
		ADDED from src/main/AndroidManifest.xml:4:5-28
		INJECTED from src/main/AndroidManifest.xml
		INJECTED from src/main/AndroidManifest.xml
	xmlns:android
		ADDED from src/main/AndroidManifest.xml:2:11-69
uses-sdk
ADDED from src/main/AndroidManifest.xml:7:5-9:41
MERGED from [com.android.support:support-v4:23.1.1] AndroidManifest.xml:20:5-43
	android:targetSdkVersion
		ADDED from src/main/AndroidManifest.xml:9:9-38
		INJECTED from src/main/AndroidManifest.xml
		INJECTED from src/main/AndroidManifest.xml
	android:minSdkVersion
		ADDED from src/main/AndroidManifest.xml:8:9-35
		INJECTED from src/main/AndroidManifest.xml
		INJECTED from src/main/AndroidManifest.xml
uses-permission#android.permission.EXPAND_STATUS_BAR
ADDED from src/main/AndroidManifest.xml:11:5-76
	android:name
		ADDED from src/main/AndroidManifest.xml:11:22-73
uses-permission#android.permission.SYSTEM_ALERT_WINDOW
ADDED from src/main/AndroidManifest.xml:12:5-78
	android:name
		ADDED from src/main/AndroidManifest.xml:12:22-75
uses-permission#android.permission.RECEIVE_BOOT_COMPLETED
ADDED from src/main/AndroidManifest.xml:14:5-81
	android:name
		ADDED from src/main/AndroidManifest.xml:14:22-78
uses-permission#android.permission.GET_TASKS
ADDED from src/main/AndroidManifest.xml:15:5-68
	android:name
		ADDED from src/main/AndroidManifest.xml:15:22-65
receiver#wepark.launcher.mobile.android.kioskmode.BootReceiver
ADDED from src/main/AndroidManifest.xml:17:5-21:16
	android:name
		ADDED from src/main/AndroidManifest.xml:17:15-43
intent-filter#android.intent.action.BOOT_COMPLETED
ADDED from src/main/AndroidManifest.xml:18:9-20:25
action#android.intent.action.BOOT_COMPLETED
ADDED from src/main/AndroidManifest.xml:19:13-75
	android:name
		ADDED from src/main/AndroidManifest.xml:19:21-72
application
ADDED from src/main/AndroidManifest.xml:23:5-65:19
MERGED from [com.android.support:support-v4:23.1.1] AndroidManifest.xml:22:5-20
	android:label
		ADDED from src/main/AndroidManifest.xml:26:9-41
	android:stateNotNeeded
		ADDED from src/main/AndroidManifest.xml:28:9-38
	android:launchMode
		ADDED from src/main/AndroidManifest.xml:27:9-44
	android:allowBackup
		ADDED from src/main/AndroidManifest.xml:24:9-35
	android:icon
		ADDED from src/main/AndroidManifest.xml:25:9-45
activity#wepark.launcher.mobile.android.kioskmode.KioskMode
ADDED from src/main/AndroidManifest.xml:29:9-56:20
	android:screenOrientation
		ADDED from src/main/AndroidManifest.xml:33:13-49
	android:label
		ADDED from src/main/AndroidManifest.xml:31:13-45
	android:excludeFromRecents
		ADDED from src/main/AndroidManifest.xml:34:13-46
	android:autoRemoveFromRecents
		ADDED from src/main/AndroidManifest.xml:35:13-49
	android:launchMode
		ADDED from src/main/AndroidManifest.xml:32:13-48
	android:theme
		ADDED from src/main/AndroidManifest.xml:37:13-83
	android:maxRecents
		ADDED from src/main/AndroidManifest.xml:36:13-35
	android:name
		ADDED from src/main/AndroidManifest.xml:30:13-38
intent-filter#android.intent.action.MAIN+android.intent.category.DEFAULT+android.intent.category.HOME
ADDED from src/main/AndroidManifest.xml:38:13-42:29
action#android.intent.action.MAIN
ADDED from src/main/AndroidManifest.xml:39:17-69
	android:name
		ADDED from src/main/AndroidManifest.xml:39:25-66
category#android.intent.category.HOME
ADDED from src/main/AndroidManifest.xml:40:17-73
	android:name
		ADDED from src/main/AndroidManifest.xml:40:27-70
category#android.intent.category.DEFAULT
ADDED from src/main/AndroidManifest.xml:41:17-76
	android:name
		ADDED from src/main/AndroidManifest.xml:41:27-73
intent-filter#android.intent.action.VIEW+android.intent.category.DEFAULT
ADDED from src/main/AndroidManifest.xml:43:13-51:29
data
ADDED from src/main/AndroidManifest.xml:44:17-46:45
	android:scheme
		ADDED from src/main/AndroidManifest.xml:46:21-42
	android:mimeType
		ADDED from src/main/AndroidManifest.xml:45:21-63
action#android.intent.action.VIEW
ADDED from src/main/AndroidManifest.xml:48:17-69
	android:name
		ADDED from src/main/AndroidManifest.xml:48:25-66
intent-filter#android.intent.category.DEFAULT+android.settings.SETTINGS
ADDED from src/main/AndroidManifest.xml:52:13-55:29
action#android.settings.SETTINGS
ADDED from src/main/AndroidManifest.xml:53:17-68
	android:name
		ADDED from src/main/AndroidManifest.xml:53:25-65
provider#wepark.launcher.mobile.android.kioskmode.HomescreenProvider
ADDED from src/main/AndroidManifest.xml:58:9-62:102
	android:authorities
		ADDED from src/main/AndroidManifest.xml:60:13-75
	android:exported
		ADDED from src/main/AndroidManifest.xml:61:13-37
	android:permission
		ADDED from src/main/AndroidManifest.xml:62:13-90
	android:name
		ADDED from src/main/AndroidManifest.xml:59:13-46